{
  "RSpec": {
    "coverage": {
      "C:/Users/ansuguma/RubySwagger/RubySwaggerPhase2FinalSDK/cybersource-rest-client-ruby/AuthenticationSDK/core/Authorization.rb": [
        1,
        1,
        1,
        1,
        1,
        null,
        1,
        1,
        14,
        14,
        1,
        null,
        13,
        4,
        9,
        8,
        1,
        1,
        null,
        null,
        6,
        0,
        null,
        null
      ],
      "C:/Users/ansuguma/RubySwagger/RubySwaggerPhase2FinalSDK/cybersource-rest-client-ruby/AuthenticationSDK/authentication/http/HttpSignatureHeader.rb": [
        1,
        1,
        1,
        1,
        1,
        1,
        1,
        null,
        null,
        null,
        null,
        null,
        null,
        null,
        null,
        null,
        1,
        null,
        1,
        5,
        5,
        5,
        null,
        5,
        null,
        5,
        4,
        null,
        4,
        4,
        4,
        null,
        1,
        0,
        null,
        1,
        5,
        5,
        1,
        null,
        2,
        2,
        1,
        1,
        0,
        null,
        1,
        null,
        4,
        null,
        1,
        null
      ],
      "C:/Users/ansuguma/RubySwagger/RubySwaggerPhase2FinalSDK/cybersource-rest-client-ruby/AuthenticationSDK/core/ITokenGeneration.rb": [
        1,
        1,
        1,
        null
      ],
      "C:/Users/ansuguma/RubySwagger/RubySwaggerPhase2FinalSDK/cybersource-rest-client-ruby/AuthenticationSDK/util/Constants.rb": [
        1,
        null,
        1,
        null,
        1,
        null,
        1,
        null,
        1,
        null,
        1,
        null,
        1,
        null,
        1,
        null,
        1,
        null,
        1,
        null,
        1,
        null,
        1,
        null,
        1,
        null,
        1,
        null,
        1,
        null,
        1,
        null,
        1,
        null,
        1,
        null,
        1,
        null,
        1,
        null,
        1,
        null,
        1,
        null,
        1,
        null,
        1,
        null,
        1,
        null,
        1,
        null,
        1,
        null,
        1,
        null,
        1,
        null,
        1,
        null,
        1,
        null,
        1,
        null,
        1,
        null,
        1,
        null,
        1,
        null,
        null,
        null,
        1,
        null,
        1,
        null,
        1,
        null,
        1,
        null,
        1,
        null,
        1,
        null,
        1,
        null,
        null,
        null,
        1,
        null,
        1,
        null,
        1,
        null,
        1,
        null,
        1,
        null,
        1,
        null,
        1,
        null,
        1,
        null,
        1,
        null,
        1,
        null,
        1,
        null,
        1,
        null,
        1,
        null,
        1,
        null,
        1,
        null,
        1,
        null,
        1,
        null,
        1,
        null,
        1,
        null,
        1,
        null,
        1,
        null,
        1,
        null,
        1,
        null,
        1,
        null,
        1,
        null
      ],
      "C:/Users/ansuguma/RubySwagger/RubySwaggerPhase2FinalSDK/cybersource-rest-client-ruby/AuthenticationSDK/util/ApiException.rb": [
        1,
        1,
        1,
        12,
        0,
        0,
        null,
        0,
        0,
        null,
        1,
        39,
        null,
        1,
        0,
        0,
        0,
        null,
        null
      ],
      "C:/Users/ansuguma/RubySwagger/RubySwaggerPhase2FinalSDK/cybersource-rest-client-ruby/AuthenticationSDK/authentication/payloadDigest/digest.rb": [
        1,
        1,
        null,
        null,
        1,
        1,
        4,
        4,
        null,
        null
      ],
      "C:/Users/ansuguma/RubySwagger/RubySwaggerPhase2FinalSDK/cybersource-rest-client-ruby/AuthenticationSDK/authentication/http/GetSignatureParameter.rb": [
        1,
        1,
        1,
        null,
        null,
        null,
        null,
        null,
        null,
        null,
        null,
        null,
        null,
        null,
        1,
        1,
        4,
        4,
        4,
        4,
        4,
        4,
        2,
        2,
        null,
        2,
        2,
        2,
        2,
        2,
        2,
        null,
        4,
        4,
        4,
        4,
        4,
        null,
        0,
        0,
        0,
        0,
        null,
        1,
        2,
        2,
        1,
        1,
        1,
        null,
        2,
        null,
        1,
        2,
        2,
        1,
        1,
        1,
        0,
        0,
        null,
        2,
        null,
        null
      ],
      "C:/Users/ansuguma/RubySwagger/RubySwaggerPhase2FinalSDK/cybersource-rest-client-ruby/AuthenticationSDK/authentication/jwt/JwtToken.rb": [
        1,
        1,
        1,
        1,
        1,
        1,
        1,
        1,
        1,
        1,
        1,
        null,
        1,
        1,
        9,
        9,
        9,
        9,
        5,
        null,
        4,
        4,
        4,
        4,
        null,
        4,
        4,
        null,
        4,
        null,
        4,
        null,
        4,
        4,
        4,
        4,
        null,
        4,
        4,
        null,
        5,
        0,
        0,
        null,
        5,
        0,
        null,
        null,
        1,
        4,
        2,
        null,
        2,
        2,
        2,
        2,
        null,
        0,
        null,
        null,
        1,
        null
      ],
      "C:/Users/ansuguma/RubySwagger/RubySwaggerPhase2FinalSDK/cybersource-rest-client-ruby/AuthenticationSDK/util/Cache.rb": [
        1,
        1,
        1,
        null,
        1,
        1,
        4,
        4,
        4,
        4,
        4,
        4,
        4,
        0,
        null,
        0,
        0,
        null,
        0,
        null,
        null,
        0,
        null,
        null,
        null,
        1,
        4,
        null,
        4,
        null,
        4,
        4,
        4,
        4,
        null,
        null
      ],
      "C:/Users/ansuguma/RubySwagger/RubySwaggerPhase2FinalSDK/cybersource-rest-client-ruby/AuthenticationSDK/core/MerchantConfig.rb": [
        1,
        1,
        1,
        1,
        null,
        1,
        1,
        null,
        35,
        35,
        35,
        35,
        35,
        35,
        35,
        35,
        35,
        35,
        35,
        35,
        null,
        35,
        35,
        null,
        35,
        35,
        35,
        35,
        35,
        35,
        30,
        null,
        null,
        1,
        35,
        35,
        1,
        34,
        1,
        null,
        35,
        0,
        35,
        0,
        null,
        35,
        35,
        35,
        0,
        null,
        35,
        null,
        35,
        1,
        34,
        0,
        null,
        35,
        35,
        35,
        35,
        null,
        35,
        1,
        0,
        34,
        0,
        null,
        34,
        1,
        0,
        null,
        33,
        1,
        0,
        null,
        32,
        32,
        0,
        32,
        1,
        31,
        30,
        null,
        1,
        null,
        0,
        0,
        0,
        null,
        32,
        30,
        1,
        1,
        29,
        1,
        28,
        1,
        1,
        null,
        30,
        1,
        1,
        29,
        1,
        null,
        30,
        0,
        0,
        30,
        1,
        null,
        30,
        1,
        1,
        29,
        1,
        null,
        null,
        32,
        2,
        1,
        0,
        1,
        0,
        null,
        1,
        1,
        0,
        0,
        0,
        null,
        null,
        30,
        30,
        null,
        30,
        30,
        null,
        null,
        1,
        30,
        30,
        30,
        30,
        150,
        null,
        30,
        150,
        2100,
        150,
        null,
        null,
        null,
        30,
        null,
        null,
        null,
        1,
        1,
        1,
        1,
        1,
        1,
        1,
        1,
        1,
        1,
        1,
        1,
        1,
        1,
        1,
        1,
        1,
        1,
        1,
        1,
        1,
        1,
        null
      ],
      "C:/Users/ansuguma/RubySwagger/RubySwaggerPhase2FinalSDK/cybersource-rest-client-ruby/AuthenticationSDK/core/Logger.rb": [
        1,
        1,
        1,
        null,
        1,
        1,
        null,
        35,
        34,
        34,
        34,
        0,
        0,
        null,
        34,
        34,
        34,
        null,
        1,
        null,
        null,
        0,
        0,
        null,
        1,
        null
      ],
      "C:/Users/ansuguma/RubySwagger/RubySwaggerPhase2FinalSDK/cybersource-rest-client-ruby/AuthenticationSDK/util/Utility.rb": [
        1,
        1,
        1,
        11,
        11,
        null,
        2,
        null,
        0,
        null,
        1,
        null,
        1,
        null,
        1,
        null,
        1,
        null,
        1,
        null,
        1,
        null,
        1,
        null,
        1,
        null,
        1,
        null,
        11,
        null,
        null
      ],
      "C:/Users/ansuguma/RubySwagger/RubySwaggerPhase2FinalSDK/cybersource-rest-client-ruby/AuthenticationSDK/spec/MerchantConfigData.rb": [
        1,
        1,
        1,
        35,
        35,
        35,
        35,
        35,
        35,
        35,
        35,
        35,
        35,
        35,
        null,
        35,
        35,
        null,
        35,
        35,
        35,
        35,
        35,
        35,
        35,
        35,
        35,
        35,
        35,
        35,
        35,
        35,
        35,
        35,
        35,
        35,
        35,
        35,
        35,
        35,
        35,
        35,
        null,
        1,
        16,
        16,
        16,
        16,
        0,
        0,
        null,
        16,
        16,
        16,
        null,
        0,
        null,
        null,
        null
      ],
      "C:/Users/ansuguma/RubySwagger/RubySwaggerPhase2FinalSDK/cybersource-rest-client-ruby/AuthenticationSDK/spec/MerchantConfig_spec.rb": [
        1,
        1,
        null,
        1,
        1,
        1,
        1,
        1,
        1,
        null,
        1,
        1,
        1,
        1,
        1,
        null,
        1,
        1,
        1,
        1,
        1,
        null,
        1,
        1,
        1,
        1,
        1,
        null,
        1,
        1,
        1,
        1,
        1,
        null,
        1,
        1,
        1,
        1,
        1,
        null,
        1,
        1,
        1,
        2,
        null,
        1,
        1,
        1,
        2,
        null,
        1,
        1,
        1,
        2,
        null,
        null,
        null,
        null,
        null,
        null,
        1,
        1,
        1,
        1,
        1,
        null,
        1,
        1,
        1,
        1,
        1,
        null,
        1,
        1,
        1,
        1,
        1,
        null,
        1,
        1,
        1,
        1,
        1,
        null,
        1,
        1,
        1,
        1,
        1,
        null,
        1,
        1,
        1,
        1,
        1,
        null,
        1,
        1,
        1,
        1,
        1,
        null,
        1,
        1,
        1,
        1,
        1,
        null,
        1,
        1,
        1,
        1,
        2,
        null,
        1,
        1,
        1,
        1,
        2,
        null,
        null
      ],
      "C:/Users/ansuguma/RubySwagger/RubySwaggerPhase2FinalSDK/cybersource-rest-client-ruby/AuthenticationSDK/spec/ResponseCodeMessage_spec.rb": [
        1,
        1,
        null,
        1,
        1,
        1,
        1,
        1,
        null,
        1,
        1,
        1,
        1,
        null,
        1,
        1,
        1,
        1,
        null,
        1,
        1,
        1,
        1,
        null,
        1,
        1,
        1,
        1,
        null,
        1,
        1,
        1,
        1,
        null,
        1,
        1,
        1,
        1,
        null,
        1,
        1,
        1,
        1,
        null,
        1,
        1,
        1,
        1,
        null,
        1,
        1,
        1,
        1,
        null,
        1,
        1,
        1,
        1,
        null,
        null
      ]
    },
    "timestamp": 1543299109
  }
}
